[LOG] SystemI::init                            : FMOD Studio Version: 00010706 (71893)
[LOG] SystemI::init                            : maxchannels = 1024, flags = 00030000, extradriverdata = 0000000000000000
[LOG] SystemI::close                           : 
[LOG] SystemI::close                           : Stop all sounds
[LOG] SystemI::close                           : Remove miscllaneous DSP stuff.
[LOG] SystemI::close                           : done.

[LOG] OutputWASAPI::init                       : Mix Format (WAVEFORMATEX): wFormatTag=0xFFFE, nChannels=2, nSamplesPerSec=48000, nAvgBytesPerSec=384000, nBlockAlign=8, wBitsPerSample=32, cbSize=22.
[LOG] OutputWASAPI::init                       : Mix Format (WAVEFORMATEXTENSIBLE): wValidBitsPerSample=32, dwChannelMask=0x00000003, SubFormat=00000003-0000-0010-8000-00AA00389B71.
[LOG] Thread::initThread                       : Initializing FMOD (WASAPI) feeder thread.  priority 0
[LOG] Thread::initThread                       : - Stacksize 0.  Stack pointer 0000000000000000 : usesemaphore = 0 : sleeptime = 0
[LOG] Thread::callback                         : * FMOD (WASAPI) feeder thread started
[LOG] Thread::initThread                       : Initializing FMOD mixer thread.  priority 2
[LOG] OutputWASAPI::feederUpdate               : WASAPI feeder thread set to 'Audio' characteristic
[LOG] Thread::initThread                       : - Stacksize 49152.  Stack pointer 0000000000000000 : usesemaphore = 1 : sleeptime = 0
[LOG] Thread::callback                         : * FMOD mixer thread started
[LOG] SystemI::init                            : Set up emulated output
[LOG] SystemI::init                            : create the channel pool
[LOG] SystemI::init                            : Set up streamer
[LOG] Thread::initThread                       : Initializing FMOD stream thread.  priority 2
[LOG] Thread::initThread                       : - Stacksize 65536.  Stack pointer 0000000000000000 : usesemaphore = 0 : sleeptime = 10
[LOG] Thread::callback                         : * FMOD stream thread started
[LOG] Thread::initThread                       : Initializing FMOD Studio update thread.  priority 0
[LOG] Thread::initThread                       : - Stacksize 65536.  Stack pointer 0000000000000000 : usesemaphore = 0 : sleeptime = 1
[LOG] Thread::callback                         : * FMOD Studio update thread started
[LOG] LiveUpdate::init                         : 
[LOG] Thread::initThread                       : Initializing FMOD Studio load thread.  priority 0
[LOG] Thread::initThread                       : - Stacksize 65536.  Stack pointer 0000000000000000 : usesemaphore = 0 : sleeptime = 1
[LOG] Thread::callback                         : * FMOD Studio load thread started
[LOG] Profile::init                            : Profiler listening on port: 9264
[LOG] Manager::readBank                        : fileversion = 62, compatVersion = 59 (oldest = 44, newest = 68)
[LOG] Manager::readBank                        : fileversion = 62, compatVersion = 59 (oldest = 44, newest = 68)
[LOG] Manager::readBank                        : fileversion = 62, compatVersion = 59 (oldest = 44, newest = 68)
[LOG] Manager::readBank                        : fileversion = 62, compatVersion = 59 (oldest = 44, newest = 68)
[LOG] Manager::readBank                        : fileversion = 62, compatVersion = 59 (oldest = 44, newest = 68)
[LOG] SystemI::createSound                     : filename = Assets/LovebirdFMOD/Build/Desktop/Global.bank : mode 0a010202
[LOG] SystemI::createSound                     : FMOD_NONBLOCKING specified.  Putting into queue to be opened asynchronously!
[LOG] OutputSoftware::createSample             : lengthpcm 0, lengthbytes 0, channels 0, format 0, freq 0, mode 00000000
[LOG] Thread::initThread                       : Initializing FMOD nonblocking thread (0).  priority 1
[LOG] Thread::initThread                       : - Stacksize 81920.  Stack pointer 0000000000000000 : usesemaphore = 1 : sleeptime = 0
[LOG] Thread::callback                         : * FMOD nonblocking thread (0) started
[LOG] SystemI::createSound                     : setdata soundi = 000000003AD7C188 : node = 000000003ABBB710
[LOG] SystemI::createSound                     : add node to async list : head = 000000003AD7C490.  list count = 0
[LOG] AsyncThread::threadFunc                  : Starting Asynchronous operation on sound 000000003AD7C188
[LOG] SystemI::createSound                     : filename = Assets/LovebirdFMOD/Build/Desktop/Global.bank : mode 0a010202
[LOG] SystemI::createSoundInternal             :     filename = Assets/LovebirdFMOD/Build/Desktop/Global.bank : mode 0a010202
[LOG] SystemI::createSoundInternal             :     exinfo->cbsize             = 216
[LOG] SystemI::createSound                     :     FMOD_NONBLOCKING specified.  Putting into queue to be opened asynchronously!
[LOG] SystemI::createSoundInternal             :     exinfo->length             = 9559904
[LOG] OutputSoftware::createSample             :     lengthpcm 0, lengthbytes 0, channels 0, format 0, freq 0, mode 00000000
[LOG] SystemI::createSoundInternal             :     exinfo->fileoffset         = 33952
node = 000000003ABBB850
[LOG] SystemI::createSoundInternal             :     exinfo->numsubsounds       = 1
[LOG] SystemI::createSoundInternal             :     exinfo->inclusionlist      = 000000003ABBB818
[LOG] SystemI::createSound                     :     add node to async list : head = 000000003AD7C490.  list count = 0
[LOG] SystemI::createSoundInternal             :     exinfo->inclusionlistnum   = 1
[LOG] SystemI::createSoundInternal             :     exinfo->suggestedsoundtype = 5
[LOG] SystemI::createSoundInternal             :     exinfo->initialseekpostype = 1
uild/Desktop/Global.bank : mode 0a010202
[LOG] SystemI::createSound                     :     FMOD_NONBLOCKING specified.  Putting into queue to be opened asynchronously!
[LOG] OutputSoftware::createSample             :     lengthpcm 0, lengthbytes 0, channels 0, format 0, freq 0, mode 00000000
[LOG] SystemI::createSound                     :     setdata soundi = 000000003AD7F238 : node = 000000003ABBB990
[LOG] SystemI::createSound                     :     add node to async list : head = 000000003AD7C490.  list count = 1
[LOG] SystemI::createSound                     :     filename = Assets/LovebirdFMOD/Build/Desktop/Global.bank : mode 0a010202
[LOG] SystemI::createSound                     :     FMOD_NONBLOCKING specified.  Putting into queue to be opened asynchronously!
[LOG] OutputSoftware::createSample             :     lengthpcm 0, lengthbytes 0, channels 0, format 0, freq 0, mode 00000000
[LOG] SystemI::createSound                     :     setdata soundi = 000000003AD85BC8 : node = 000000003ABBBAD0
[LOG] SystemI::createSound                     :     add node to async list : head = 000000003AD7C490.  list count = 2
[LOG] SystemI::createSound                     :     filename = Assets/LovebirdFMOD/Build/Desktop/Global.bank : mode 0a010202
[LOG] SystemI::createSound                     :     FMOD_NONBLOCKING specified.  Putting into queue to be opened asynchronously!
[LOG] SystemI::createSoundInternal             :     Format has 1 subsounds.
0, channels 0, format 0, freq 0, mode 00000000
[LOG] SystemI::createSound                     :     setdata soundi = 000000003AD86558 : node = 000000003ABBBC10
[LOG] SystemI::createSound                     :     add node to async list : head = 000000003AD7C490.  list count = 3
[LOG] SystemI::createSoundInternal             :     Create as FMOD_CREATESAMPLE
[LOG] SystemI::createSound                     :     filename = Assets/LovebirdFMOD/Build/Desktop/Global.bank : mode 0a010202
[LOG] SystemI::createSound                     :     FMOD_NONBLOCKING specified.  Putting into queue to be opened asynchronously!
[LOG] SystemI::createSoundInternal             :     Multi-sample sound (1 subsounds), create a sample container.
[LOG] SystemI::createSoundInternal             :     creating subsound 0/1
[LOG] OutputSoftware::createSample             :     lengthpcm 0, lengthbytes 0, channels 0, format 0, freq 0, mode 00000000
[LOG] SystemI::createSample                    :     mode 0a010202 length 5100216 samples, lengthbytes 1403360
[LOG] SystemI::createSample                    :     channels = 2
[LOG] SystemI::createSound                     :     setdata soundi = 000000003AD866E8 : node = 000000003ABBBD50
[LOG] SystemI::createSample                    :     output = 000000002F8CD278
[LOG] OutputSoftware::createSample             :     lengthpcm 5100216, lengthbytes 1403360, channels 2, format 2, freq 48000, mode 0a01020a
[LOG] SystemI::createSound                     :     add node to async list : head = 000000003AD7C490.  list count = 4
[LOG] SystemI::createSound                     :     filename = Assets/LovebirdFMOD/Build/Desktop/Global.bank : mode 0a010202
[LOG] SystemI::createSound                     :     FMOD_NONBLOCKING specified.  Putting into queue to be opened asynchronously!
[LOG] OutputSoftware::createSample             :     lengthpcm 0, lengthbytes 0, channels 0, format 0, freq 0, mode 00000000
[LOG] SystemI::createSoundInternal             :     done.  OpenState now = FMOD_OPENSTATE_READY.

[LOG] AsyncThread::threadFunc                  : Finished Asynchronous operation on sound 000000003AD7C188
[LOG] SystemI::createSound                     : setdata soundi = 000000003AD7CA88 : node = 000000003ABBBE90
[LOG] SystemI::createSoundInternal             :     filename = Assets/LovebirdFMOD/Build/Desktop/Global.bank : mode 0a010202
[LOG] SystemI::createSound                     :     add node to async list : head = 000000003AD7C490.  list count = 4
[LOG] SystemI::createSoundInternal             :     exinfo->cbsize             = 216
[LOG] SystemI::createSound                     :     filename = Assets/LovebirdFMOD/Build/Desktop/Global.bank : mode 0a010202
[LOG] SystemI::createSoundInternal             :     exinfo->length             = 9559904
[LOG] SystemI::createSoundInternal             :     exinfo->fileoffset         = 33952
[LOG] SystemI::createSound                     :     FMOD_NONBLOCKING specified.  Putting into queue to be opened asynchronously!
[LOG] SystemI::createSoundInternal             :     exinfo->inclusionlist      = 000000003ABBB958
[LOG] OutputSoftware::createSample             :     lengthpcm 0, lengthbytes 0, channels 0, format 0, freq 0, mode 00000000
[LOG] SystemI::createSoundInternal             :     exinfo->inclusionlistnum   = 1
[LOG] SystemI::createSound                     :     setdata soundi = 000000003AD7CC18 : node = 000000003ABBBFD0
[LOG] SystemI::createSoundInternal             :     exinfo->initialseekpostype = 1
[LOG] SystemI::createSound                     :     add node to async list : head = 000000003AD7C490.  list count = 5
[LOG] SystemI::createSound                     :     filename = Assets/LovebirdFMOD/Build/Desktop/Global.bank : mode 0a010202
[LOG] SystemI::createSoundInternal             :     Format has 1 subsounds.
[LOG] SystemI::createSound                     :     FMOD_NONBLOCKING specified.  Putting into queue to be opened asynchronously!
[LOG] SystemI::createSoundInternal             :     Create as FMOD_CREATESAMPLE
[LOG] SystemI::createSoundInternal             :     Multi-sample sound (1 subsounds), create a sample container.
[LOG] OutputSoftware::createSample             :     lengthpcm 0, lengthbytes 0, channels 0, format 0, freq 0, mode 00000000
[LOG] SystemI::createSample                    :     mode 0a010202 length 4112384 samples, lengthbytes 1080192
[LOG] SystemI::createSound                     :     setdata soundi = 000000003AD7D208 : node = 000000003ABBC110
[LOG] SystemI::createSample                    :     output = 000000002F8CD278
[LOG] SystemI::createSound                     :     add node to async list : head = 000000003AD7C490.  list count = 6
48000, mode 0a01020a
[LOG] SystemI::createSound                     :     filename = Assets/LovebirdFMOD/Build/Desktop/Global.bank : mode 0a010202
[LOG] SystemI::createSoundInternal             :     done.  OpenState now = FMOD_OPENSTATE_READY.

[LOG] AsyncThread::threadFunc                  : Finished Asynchronous operation on sound 000000003AD7C4E8
[LOG] AsyncThread::threadFunc                  : Starting Asynchronous operation on sound 000000003AD7F238
[LOG] SystemI::createSoundInternal             :     filename = Assets/LovebirdFMOD/Build/Desktop/Global.bank : mode 0a010202
[LOG] SystemI::createSoundInternal             :     exinfo->cbsize             = 216
[LOG] SystemI::createSoundInternal             :     exinfo->length             = 9559904
[LOG] SystemI::createSoundInternal             :     exinfo->fileoffset         = 33952
[LOG] SystemI::createSound                     :     FMOD_NONBLOCKING specified.  Putting into queue to be opened asynchronously!
[LOG] OutputSoftware::createSample             :     lengthpcm 0, lengthbytes 0, channels 0, format 0, freq 0, mode 00000000
[LOG] SystemI::createSoundInternal             :     exinfo->numsubsounds       = 1
[LOG] SystemI::createSound                     :     setdata soundi = 000000003AD7CDA8 : node = 000000003ABBC250
[LOG] SystemI::createSound                     :     add node to async list : head = 000000003AD7C490.  list count = 6
[LOG] SystemI::createSoundInternal             :     exinfo->inclusionlist      = 000000003ABBBA98
[LOG] SystemI::createSoundInternal             :     exinfo->inclusionlistnum   = 1
[LOG] SystemI::createSoundInternal             :     exinfo->suggestedsoundtype = 5
[LOG] SystemI::createSound                     :     filename = Assets/LovebirdFMOD/Build/Desktop/Global.bank : mode 0a010202
[LOG] SystemI::createSoundInternal             :     exinfo->initialseekpostype = 1
[LOG] SystemI::createSound                     :     FMOD_NONBLOCKING specified.  Putting into queue to be opened asynchronously!
[LOG] OutputSoftware::createSample             :     lengthpcm 0, lengthbytes 0, channels 0, format 0, freq 0, mode 00000000
[LOG] SystemI::createSound                     :     setdata soundi = 000000003AD86C28 : node = 000000003ABBC390
[LOG] SystemI::createSoundInternal             :     Format has 1 subsounds.
[LOG] SystemI::createSoundInternal             :     Create as FMOD_CREATESAMPLE
[LOG] SystemI::createSoundInternal             :     Multi-sample sound (1 subsounds), create a sample container.
= 7
[LOG] SystemI::createSoundInternal             :     creating subsound 0/1
[LOG] SystemI::createSample                    :     mode 0a010202 length 3072000 samples, lengthbytes 735008
[LOG] SystemI::createSound                     :     filename = Assets/LovebirdFMOD/Build/Desktop/Global.bank : mode 0a010202
[LOG] SystemI::createSample                    :     channels = 2
[LOG] SystemI::createSample                    :     output = 000000002F8CD278
[LOG] OutputSoftware::createSample             :     lengthpcm 3072000, lengthbytes 735008, channels 2, format 2, freq 48000, mode 0a01020a
[LOG] SystemI::createSound                     :     FMOD_NONBLOCKING specified.  Putting into queue to be opened asynchronously!
[LOG] OutputSoftware::createSample             :     lengthpcm 0, lengthbytes 0, channels 0, format 0, freq 0, mode 00000000
[LOG] SystemI::createSoundInternal             :     done.  OpenState now = FMOD_OPENSTATE_READY.

[LOG] AsyncThread::threadFunc                  : Finished Asynchronous operation on sound 000000003AD7F238
[LOG] AsyncThread::threadFunc                  : Starting Asynchronous operation on sound 000000003AD85BC8
[LOG] SystemI::createSoundInternal             :     filename = Assets/LovebirdFMOD/Build/Desktop/Global.bank : mode 0a010202
[LOG] SystemI::createSoundInternal             :     exinfo->cbsize             = 216
[LOG] SystemI::createSoundInternal             :     exinfo->length             = 9559904
[LOG] SystemI::createSoundInternal             :     exinfo->fileoffset         = 33952
[LOG] SystemI::createSoundInternal             :     exinfo->numsubsounds       = 1
[LOG] SystemI::createSoundInternal             :     exinfo->inclusionlist      = 000000003ABBBBD8
[LOG] SystemI::createSoundInternal             :     exinfo->inclusionlistnum   = 1
[LOG] SystemI::createSound                     :     setdata soundi = 000000003AD86A08 : node = 000000003AD89430
[LOG] SystemI::createSoundInternal             :     exinfo->suggestedsoundtype = 5
[LOG] SystemI::createSoundInternal             :     exinfo->initialseekpostype = 1
[LOG] SystemI::createSound                     :     add node to async list : head = 000000003AD7C490.  list count = 7
[LOG] SystemI::createSound                     :     filename = Assets/LovebirdFMOD/Build/Desktop/Global.bank : mode 0a010202
[LOG] SystemI::createSoundInternal             :     Format has 1 subsounds.
[LOG] SystemI::createSound                     :     FMOD_NONBLOCKING specified.  Putting into queue to be opened asynchronously!
[LOG] SystemI::createSoundInternal             :     Create as FMOD_CREATESAMPLE
[LOG] SystemI::createSoundInternal             :     Multi-sample sound (1 subsounds), create a sample container.
[LOG] SystemI::createSoundInternal             :     creating subsound 0/1
[LOG] OutputSoftware::createSample             :     lengthpcm 0, lengthbytes 0, channels 0, format 0, freq 0, mode 00000000
[LOG] SystemI::createSample                    :     mode 0a010202 length 3698883 samples, lengthbytes 1023744
[LOG] SystemI::createSample                    :     channels = 2
[LOG] SystemI::createSound                     :     setdata soundi = 000000003AD88408 : node = 000000003AD89570
[LOG] SystemI::createSample                    :     output = 000000002F8CD278
[LOG] SystemI::createSound                     :     add node to async list : head = 000000003AD7C490.  list count = 8
48000, mode 0a01020a
[LOG] SystemI::createSoundInternal             :     done.  OpenState now = FMOD_OPENSTATE_READY.

[LOG] AsyncThread::threadFunc                  : Finished Asynchronous operation on sound 000000003AD85BC8
[LOG] AsyncThread::threadFunc                  : Starting Asynchronous operation on sound 000000003AD86558
[LOG] SystemI::createSoundInternal             :     filename = Assets/LovebirdFMOD/Build/Desktop/Global.bank : mode 0a010202
[LOG] SystemI::createSoundInternal             :     exinfo->cbsize             = 216
[LOG] SystemI::createSoundInternal             :     exinfo->length             = 9559904
[LOG] SystemI::createSoundInternal             :     exinfo->fileoffset         = 33952
[LOG] SystemI::createSoundInternal             :     exinfo->numsubsounds       = 1
[LOG] SystemI::createSoundInternal             :     exinfo->inclusionlist      = 000000003ABBBD18
[LOG] SystemI::createSoundInternal             :     exinfo->inclusionlistnum   = 1
[LOG] SystemI::createSoundInternal             :     exinfo->suggestedsoundtype = 5
[LOG] SystemI::createSoundInternal             :     exinfo->initialseekpostype = 1
[LOG] SystemI::createSoundInternal             :     Format has 1 subsounds.
[LOG] SystemI::createSoundInternal             :     Create as FMOD_CREATESAMPLE
[LOG] SystemI::createSoundInternal             :     Multi-sample sound (1 subsounds), create a sample container.
[LOG] SystemI::createSoundInternal             :     creating subsound 0/1
[LOG] SystemI::createSample                    :     mode 0a010202 length 1412512 samples, lengthbytes 378176
[LOG] SystemI::createSample                    :     channels = 2
[LOG] SystemI::createSample                    :     output = 000000002F8CD278
[LOG] OutputSoftware::createSample             :     lengthpcm 1412512, lengthbytes 378176, channels 2, format 2, freq 48000, mode 0a01020a
[LOG] SystemI::createSoundInternal             :     done.  OpenState now = FMOD_OPENSTATE_READY.

[LOG] AsyncThread::threadFunc                  : Finished Asynchronous operation on sound 000000003AD86558
[LOG] AsyncThread::threadFunc                  : Starting Asynchronous operation on sound 000000003AD866E8
[LOG] SystemI::createSoundInternal             :     filename = Assets/LovebirdFMOD/Build/Desktop/Global.bank : mode 0a010202
[LOG] SystemI::createSoundInternal             :     exinfo->cbsize             = 216
[LOG] SystemI::createSoundInternal             :     exinfo->length             = 9559904
[LOG] SystemI::createSoundInternal             :     exinfo->fileoffset         = 33952
[LOG] SystemI::createSoundInternal             :     exinfo->numsubsounds       = 1
[LOG] SystemI::createSoundInternal             :     exinfo->inclusionlist      = 000000003ABBBE58
[LOG] SystemI::createSoundInternal             :     exinfo->inclusionlistnum   = 1
[LOG] SystemI::createSoundInternal             :     exinfo->suggestedsoundtype = 5
[LOG] SystemI::createSoundInternal             :     exinfo->initialseekpostype = 1
[LOG] SystemI::createSoundInternal             :     Format has 1 subsounds.
[LOG] SystemI::createSoundInternal             :     Create as FMOD_CREATESAMPLE
[LOG] SystemI::createSoundInternal             :     Multi-sample sound (1 subsounds), create a sample container.
[LOG] SystemI::createSoundInternal             :     creating subsound 0/1
[LOG] SystemI::createSample                    :     mode 0a010202 length 1731104 samples, lengthbytes 461152
[LOG] SystemI::createSample                    :     channels = 2
[LOG] SystemI::createSample                    :     output = 000000002F8CD278
[LOG] OutputSoftware::createSample             :     lengthpcm 1731104, lengthbytes 461152, channels 2, format 2, freq 48000, mode 0a01020a
[LOG] SystemI::createSoundInternal             :     done.  OpenState now = FMOD_OPENSTATE_READY.

[LOG] AsyncThread::threadFunc                  : Finished Asynchronous operation on sound 000000003AD866E8
[LOG] AsyncThread::threadFunc                  : Starting Asynchronous operation on sound 000000003AD7CA88
[LOG] SystemI::createSoundInternal             :     filename = Assets/LovebirdFMOD/Build/Desktop/Global.bank : mode 0a010202
[LOG] SystemI::createSoundInternal             :     exinfo->cbsize             = 216
[LOG] SystemI::createSoundInternal             :     exinfo->length             = 9559904
[LOG] SystemI::createSoundInternal             :     exinfo->fileoffset         = 33952
[LOG] SystemI::createSoundInternal             :     exinfo->numsubsounds       = 1
[LOG] SystemI::createSoundInternal             :     exinfo->inclusionlist      = 000000003ABBBF98
[LOG] SystemI::createSoundInternal             :     exinfo->inclusionlistnum   = 1
[LOG] SystemI::createSoundInternal             :     exinfo->suggestedsoundtype = 5
[LOG] SystemI::createSoundInternal             :     exinfo->initialseekpostype = 1
[LOG] SystemI::createSoundInternal             :     Format has 1 subsounds.
[LOG] SystemI::createSoundInternal             :     Create as FMOD_CREATESAMPLE
[LOG] SystemI::createSoundInternal             :     Multi-sample sound (1 subsounds), create a sample container.
[LOG] SystemI::createSoundInternal             :     creating subsound 0/1
[LOG] SystemI::createSample                    :     mode 0a010202 length 3072000 samples, lengthbytes 783680
[LOG] SystemI::createSample                    :     channels = 2
[LOG] SystemI::createSample                    :     output = 000000002F8CD278
[LOG] OutputSoftware::createSample             :     lengthpcm 3072000, lengthbytes 783680, channels 2, format 2, freq 48000, mode 0a01020a
[LOG] SystemI::createSoundInternal             :     done.  OpenState now = FMOD_OPENSTATE_READY.

[LOG] AsyncThread::threadFunc                  : Finished Asynchronous operation on sound 000000003AD7CA88
[LOG] AsyncThread::threadFunc                  : Starting Asynchronous operation on sound 000000003AD7CC18
[LOG] SystemI::createSoundInternal             :     filename = Assets/LovebirdFMOD/Build/Desktop/Global.bank : mode 0a010202
[LOG] SystemI::createSoundInternal             :     exinfo->cbsize             = 216
[LOG] SystemI::createSoundInternal             :     exinfo->length             = 9559904
[LOG] SystemI::createSoundInternal             :     exinfo->fileoffset         = 33952
[LOG] SystemI::createSoundInternal             :     exinfo->numsubsounds       = 1
[LOG] SystemI::createSoundInternal             :     exinfo->inclusionlist      = 000000003ABBC0D8
[LOG] SystemI::createSoundInternal             :     exinfo->inclusionlistnum   = 1
[LOG] SystemI::createSoundInternal             :     exinfo->suggestedsoundtype = 5
[LOG] SystemI::createSoundInternal             :     exinfo->initialseekpostype = 1
[LOG] SystemI::createSoundInternal             :     Format has 1 subsounds.
[LOG] SystemI::createSoundInternal             :     Create as FMOD_CREATESAMPLE
[LOG] SystemI::createSoundInternal             :     Multi-sample sound (1 subsounds), create a sample container.
[LOG] SystemI::createSoundInternal             :     creating subsound 0/1
[LOG] SystemI::createSample                    :     mode 0a010202 length 7766016 samples, lengthbytes 2140096
[LOG] SystemI::createSample                    :     channels = 2
[LOG] SystemI::createSample                    :     output = 000000002F8CD278
[LOG] OutputSoftware::createSample             :     lengthpcm 7766016, lengthbytes 2140096, channels 2, format 2, freq 48000, mode 0a01020a
[LOG] SystemI::createSoundInternal             :     done.  OpenState now = FMOD_OPENSTATE_READY.

[LOG] AsyncThread::threadFunc                  : Finished Asynchronous operation on sound 000000003AD7CC18
[LOG] AsyncThread::threadFunc                  : Starting Asynchronous operation on sound 000000003AD7D208
[LOG] SystemI::createSoundInternal             :     filename = Assets/LovebirdFMOD/Build/Desktop/Global.bank : mode 0a010202
[LOG] SystemI::createSoundInternal             :     exinfo->cbsize             = 216
[LOG] SystemI::createSoundInternal             :     exinfo->length             = 9559904
[LOG] SystemI::createSoundInternal             :     exinfo->fileoffset         = 33952
[LOG] SystemI::createSoundInternal             :     exinfo->numsubsounds       = 1
[LOG] SystemI::createSoundInternal             :     exinfo->inclusionlist      = 000000003ABBC218
[LOG] SystemI::createSoundInternal             :     exinfo->inclusionlistnum   = 1
[LOG] SystemI::createSoundInternal             :     exinfo->suggestedsoundtype = 5
[LOG] SystemI::createSoundInternal             :     exinfo->initialseekpostype = 1
[LOG] SystemI::createSoundInternal             :     Format has 1 subsounds.
[LOG] SystemI::createSoundInternal             :     Create as FMOD_CREATESAMPLE
[LOG] SystemI::createSoundInternal             :     Multi-sample sound (1 subsounds), create a sample container.
[LOG] SystemI::createSoundInternal             :     creating subsound 0/1
[LOG] SystemI::createSample                    :     mode 0a010202 length 3072000 samples, lengthbytes 458816
[LOG] SystemI::createSample                    :     channels = 2
[LOG] SystemI::createSample                    :     output = 000000002F8CD278
[LOG] OutputSoftware::createSample             :     lengthpcm 3072000, lengthbytes 458816, channels 2, format 2, freq 48000, mode 0a01020a
[LOG] SystemI::createSoundInternal             :     done.  OpenState now = FMOD_OPENSTATE_READY.

[LOG] AsyncThread::threadFunc                  : Finished Asynchronous operation on sound 000000003AD7D208
[LOG] AsyncThread::threadFunc                  : Starting Asynchronous operation on sound 000000003AD7CDA8
[LOG] SystemI::createSoundInternal             :     filename = Assets/LovebirdFMOD/Build/Desktop/Global.bank : mode 0a010202
[LOG] SystemI::createSoundInternal             :     exinfo->cbsize             = 216
[LOG] SystemI::createSoundInternal             :     exinfo->length             = 9559904
[LOG] SystemI::createSoundInternal             :     exinfo->fileoffset         = 33952
[LOG] SystemI::createSoundInternal             :     exinfo->numsubsounds       = 1
[LOG] SystemI::createSoundInternal             :     exinfo->inclusionlist      = 000000003ABBC358
[LOG] SystemI::createSoundInternal             :     exinfo->inclusionlistnum   = 1
[LOG] SystemI::createSoundInternal             :     exinfo->suggestedsoundtype = 5
[LOG] SystemI::createSoundInternal             :     exinfo->initialseekpostype = 1
[LOG] SystemI::createSoundInternal             :     Format has 1 subsounds.
[LOG] SystemI::createSoundInternal             :     Create as FMOD_CREATESAMPLE
[LOG] SystemI::createSoundInternal             :     Multi-sample sound (1 subsounds), create a sample container.
[LOG] SystemI::createSoundInternal             :     creating subsound 0/1
[LOG] SystemI::createSample                    :     mode 0a010202 length 2260128 samples, lengthbytes 595648
[LOG] SystemI::createSample                    :     channels = 2
[LOG] SystemI::createSample                    :     output = 000000002F8CD278
[LOG] OutputSoftware::createSample             :     lengthpcm 2260128, lengthbytes 595648, channels 2, format 2, freq 48000, mode 0a01020a
[LOG] SystemI::createSoundInternal             :     done.  OpenState now = FMOD_OPENSTATE_READY.

[LOG] AsyncThread::threadFunc                  : Finished Asynchronous operation on sound 000000003AD7CDA8
[LOG] AsyncThread::threadFunc                  : Starting Asynchronous operation on sound 000000003AD86C28
[LOG] SystemI::createSoundInternal             :     filename = Assets/LovebirdFMOD/Build/Desktop/Global.bank : mode 0a010202
[LOG] SystemI::createSoundInternal             :     exinfo->cbsize             = 216
[LOG] SystemI::createSoundInternal             :     exinfo->length             = 9559904
[LOG] SystemI::createSoundInternal             :     exinfo->fileoffset         = 33952
[LOG] SystemI::createSoundInternal             :     exinfo->numsubsounds       = 1
[LOG] SystemI::createSoundInternal             :     exinfo->inclusionlist      = 000000003ABBC498
[LOG] SystemI::createSoundInternal             :     exinfo->inclusionlistnum   = 1
[LOG] SystemI::createSoundInternal             :     exinfo->suggestedsoundtype = 5
[LOG] SystemI::createSoundInternal             :     exinfo->initialseekpostype = 1
[LOG] SystemI::createSoundInternal             :     Format has 1 subsounds.
[LOG] SystemI::createSoundInternal             :     Create as FMOD_CREATESAMPLE
[LOG] SystemI::createSoundInternal             :     Multi-sample sound (1 subsounds), create a sample container.
[LOG] SystemI::createSoundInternal             :     creating subsound 0/1
[LOG] SystemI::createSample                    :     mode 0a010202 length 370590 samples, lengthbytes 74560
[LOG] SystemI::createSample                    :     channels = 2
[LOG] SystemI::createSample                    :     output = 000000002F8CD278
[LOG] OutputSoftware::createSample             :     lengthpcm 370590, lengthbytes 74560, channels 2, format 2, freq 48000, mode 0a01020a
[LOG] SystemI::createSoundInternal             :     done.  OpenState now = FMOD_OPENSTATE_READY.

[LOG] AsyncThread::threadFunc                  : Finished Asynchronous operation on sound 000000003AD86C28
[LOG] AsyncThread::threadFunc                  : Starting Asynchronous operation on sound 000000003AD86A08
[LOG] SystemI::createSoundInternal             :     filename = Assets/LovebirdFMOD/Build/Desktop/Global.bank : mode 0a010202
[LOG] SystemI::createSoundInternal             :     exinfo->cbsize             = 216
[LOG] SystemI::createSoundInternal             :     exinfo->length             = 9559904
[LOG] SystemI::createSoundInternal             :     exinfo->fileoffset         = 33952
[LOG] SystemI::createSoundInternal             :     exinfo->numsubsounds       = 1
[LOG] SystemI::createSoundInternal             :     exinfo->inclusionlist      = 000000003AD89538
[LOG] SystemI::createSoundInternal             :     exinfo->inclusionlistnum   = 1
[LOG] SystemI::createSoundInternal             :     exinfo->suggestedsoundtype = 5
[LOG] SystemI::createSoundInternal             :     exinfo->initialseekpostype = 1
[LOG] SystemI::createSoundInternal             :     Format has 1 subsounds.
[LOG] SystemI::createSoundInternal             :     Create as FMOD_CREATESAMPLE
[LOG] SystemI::createSoundInternal             :     Multi-sample sound (1 subsounds), create a sample container.
[LOG] SystemI::createSoundInternal             :     creating subsound 0/1
[LOG] SystemI::createSample                    :     mode 0a010202 length 870400 samples, lengthbytes 176032
[LOG] SystemI::createSample                    :     channels = 2
[LOG] SystemI::createSample                    :     output = 000000002F8CD278
[LOG] OutputSoftware::createSample             :     lengthpcm 870400, lengthbytes 176032, channels 2, format 2, freq 48000, mode 0a01020a
[LOG] SystemI::createSoundInternal             :     done.  OpenState now = FMOD_OPENSTATE_READY.

[LOG] AsyncThread::threadFunc                  : Finished Asynchronous operation on sound 000000003AD86A08
[LOG] AsyncThread::threadFunc                  : Starting Asynchronous operation on sound 000000003AD88408
[LOG] SystemI::createSoundInternal             :     filename = Assets/LovebirdFMOD/Build/Desktop/Global.bank : mode 0a010202
[LOG] SystemI::createSoundInternal             :     exinfo->cbsize             = 216
[LOG] SystemI::createSoundInternal             :     exinfo->length             = 9559904
[LOG] SystemI::createSoundInternal             :     exinfo->fileoffset         = 33952
[LOG] SystemI::createSoundInternal             :     exinfo->numsubsounds       = 1
[LOG] SystemI::createSoundInternal             :     exinfo->inclusionlist      = 000000003AD89678
[LOG] SystemI::createSoundInternal             :     exinfo->inclusionlistnum   = 1
[LOG] SystemI::createSoundInternal             :     exinfo->suggestedsoundtype = 5
[LOG] SystemI::createSoundInternal             :     exinfo->initialseekpostype = 1
[LOG] SystemI::createSoundInternal             :     Format has 1 subsounds.
[LOG] SystemI::createSoundInternal             :     Create as FMOD_CREATESAMPLE
[LOG] SystemI::createSoundInternal             :     Multi-sample sound (1 subsounds), create a sample container.
[LOG] SystemI::createSoundInternal             :     creating subsound 0/1
[LOG] SystemI::createSample                    :     mode 0a010202 length 339940 samples, lengthbytes 69760
[LOG] SystemI::createSample                    :     channels = 2
[LOG] SystemI::createSample                    :     output = 000000002F8CD278
[LOG] OutputSoftware::createSample             :     lengthpcm 339940, lengthbytes 69760, channels 2, format 2, freq 48000, mode 0a01020a
[LOG] SystemI::createSoundInternal             :     done.  OpenState now = FMOD_OPENSTATE_READY.

[LOG] AsyncThread::threadFunc                  : Finished Asynchronous operation on sound 000000003AD88408
[WRN] SoundSourceInstrumentInstance::startChannelIfReady : Loading delay exceeded, sound may play at incorrect time
[WRN] SoundSourceInstrumentInstance::startChannelIfReady : Loading delay exceeded, sound may play at incorrect time
[LOG] SoundI::release                          : (null) (000000003AD7F238)
[LOG] SoundI::release                          : release subsounds. (000000003AD7F238)
[LOG] SoundI::release                          :     (null) (000000003AD86FF8)
[LOG] SoundI::release                          : release codec. (000000003AD7F238)
[LOG] SoundI::release                          : (null) (000000003AD85BC8)
[LOG] SoundI::release                          : release subsounds. (000000003AD85BC8)
[LOG] SoundI::release                          :     (null) (000000003AD88598)
[LOG] SoundI::release                          : release codec. (000000003AD85BC8)
[LOG] SoundI::release                          : (null) (000000003AD86558)
[LOG] SoundI::release                          : release subsounds. (000000003AD86558)
[LOG] SoundI::release                          :     (null) (000000003AD88728)
[LOG] SoundI::release                          : release codec. (000000003AD86558)
[LOG] SoundI::release                          : (null) (000000003AD866E8)
[LOG] SoundI::release                          : release subsounds. (000000003AD866E8)
[LOG] SoundI::release                          :     (null) (000000003AD888B8)
[LOG] SoundI::release                          : release codec. (000000003AD866E8)
[LOG] SoundI::release                          : (null) (000000003AD7CA88)
[LOG] SoundI::release                          : release subsounds. (000000003AD7CA88)
[LOG] SoundI::release                          :     (null) (000000003AD88A48)
[LOG] SoundI::release                          : release codec. (000000003AD7CA88)
[LOG] SoundI::release                          : (null) (000000003AD7D208)
[LOG] SoundI::release                          : release subsounds. (000000003AD7D208)
[LOG] SoundI::release                          :     (null) (000000003AD88D68)
[LOG] SoundI::release                          : release codec. (000000003AD7D208)
[LOG] SoundI::release                          : (null) (000000003AD86C28)
[LOG] SoundI::release                          : release subsounds. (000000003AD86C28)
[LOG] SoundI::release                          :     (null) (000000003AD89088)
[LOG] SoundI::release                          : release codec. (000000003AD86C28)
[LOG] SoundI::release                          : (null) (000000003AD86A08)
[LOG] SoundI::release                          : release subsounds. (000000003AD86A08)
[LOG] SoundI::release                          :     (null) (000000003AD89218)
[LOG] SoundI::release                          : release codec. (000000003AD86A08)
[LOG] SoundI::release                          : (null) (000000003AD88408)
[LOG] SoundI::release                          : release subsounds. (000000003AD88408)
[LOG] SoundI::release                          :     (null) (000000003B450D58)
[LOG] SoundI::release                          : release codec. (000000003AD88408)
[LOG] SoundI::release                          : (null) (000000003AD7C188)
[LOG] SoundI::release                          : release subsounds. (000000003AD7C188)
[LOG] SoundI::release                          :     (null) (000000003AD86878)
[LOG] SoundI::release                          : release codec. (000000003AD7C188)
[LOG] SoundI::release                          : (null) (000000003AD7C4E8)
[LOG] SoundI::release                          : release subsounds. (000000003AD7C4E8)
[LOG] SoundI::release                          :     (null) (000000003AD87228)
[LOG] SoundI::release                          : release codec. (000000003AD7C4E8)
[LOG] SoundI::release                          : (null) (000000003AD7CC18)
[LOG] SoundI::release                          : release subsounds. (000000003AD7CC18)
[LOG] SoundI::release                          :     (null) (000000003AD88BD8)
[LOG] SoundI::release                          : release codec. (000000003AD7CC18)
[LOG] SoundI::release                          : (null) (000000003AD7CDA8)
[LOG] SoundI::release                          : release subsounds. (000000003AD7CDA8)
[LOG] SoundI::release                          :     (null) (000000003AD88EF8)
[LOG] SoundI::release                          : release codec. (000000003AD7CDA8)
[LOG] Thread::callback                         : * FMOD Studio update thread finished
[LOG] Thread::close                            : FMOD Studio update thread thread destroyed
[LOG] Thread::callback                         : * FMOD Studio load thread finished
[LOG] Thread::close                            : FMOD Studio load thread thread destroyed
[LOG] Profile::disconnectAll                   : Profiler disconnecting all clients
[LOG] LiveUpdate::release                      : 
[LOG] SystemI::close                           : 
[LOG] SystemI::close                           : Stop all sounds
[LOG] Thread::callback                         : * FMOD stream thread finished
[LOG] Thread::close                            : FMOD stream thread thread destroyed
[LOG] SystemI::close                           : Stream thread destroyed
[LOG] SystemI::close                           : Shut down output.
[LOG] Thread::callback                         : * FMOD (WASAPI) feeder thread finished
[LOG] Thread::close                            : FMOD (WASAPI) feeder thread thread destroyed
[LOG] Thread::callback                         : * FMOD mixer thread finished
[LOG] Thread::close                            : FMOD mixer thread thread destroyed
[LOG] SystemI::close                           : Free master channel group.
[LOG] SystemI::close                           : Remove 'master' sound group.
[LOG] SystemI::close                           : Free software output.
[LOG] SystemI::close                           : Free emulated output.
[LOG] SystemI::close                           : Free channel pool.
[LOG] SystemI::close                           : Remove miscllaneous DSP stuff.
[LOG] Global::decRef                           : Shut down streamer and FMOD_NONBLOCKING and FileSystem thread.
[LOG] Thread::callback                         : * FMOD nonblocking thread (0) finished
[LOG] Thread::close                            : FMOD nonblocking thread (0) thread destroyed
[LOG] Global::decRef                           : Shut down file system.
[LOG] SystemI::close                           : done.

